<?xml version="1.0" encoding="UTF-8"?>
<!-- Generated by org.testng.reporters.JUnitReportReporter -->
<testsuite hostname="PurushothamA" failures="0" tests="1" name="selenium.AppTest" time="8.554" errors="0" timestamp="2025-07-31T23:04:03 IST" skipped="0">
  <testcase classname="selenium.AppTest" name="testGoogle" time="8.554"/>
</testsuite> <!-- selenium.AppTest -->
